The system is: Linux - 5.10.16.3-microsoft-standard-WSL2 - x86_64
Compiling the C compiler identification source file "CMakeCCompilerId.c" succeeded.
Compiler: /usr/bin/cc 
Build flags: 
Id flags:  

The output was:
0


Compilation of the C compiler identification source "CMakeCCompilerId.c" produced "a.out"

The C compiler identification is GNU, found in "/mnt/d/hse_work/hse_csa/CSA_Multithreading_Hotel/cmake-build-debug/CMakeFiles/3.16.3/CompilerIdC/a.out"

Compiling the CXX compiler identification source file "CMakeCXXCompilerId.cpp" succeeded.
Compiler: /usr/bin/c++ 
Build flags: 
Id flags:  

The output was:
0


Compilation of the CXX compiler identification source "CMakeCXXCompilerId.cpp" produced "a.out"

The CXX compiler identification is GNU, found in "/mnt/d/hse_work/hse_csa/CSA_Multithreading_Hotel/cmake-build-debug/CMakeFiles/3.16.3/CompilerIdCXX/a.out"

Determining if the C compiler works passed with the following output:
Change Dir: /mnt/d/hse_work/hse_csa/CSA_Multithreading_Hotel/cmake-build-debug/CMakeFiles/CMakeTmp

Run Build Command(s):/usr/bin/make cmTC_25ad5/fast && make: Warning: File 'Makefile' has modification time 1.1 s in the future
/usr/bin/make -f CMakeFiles/cmTC_25ad5.dir/build.make CMakeFiles/cmTC_25ad5.dir/build
make[1]: Entering directory '/mnt/d/hse_work/hse_csa/CSA_Multithreading_Hotel/cmake-build-debug/CMakeFiles/CMakeTmp'
make[1]: Warning: File 'CMakeFiles/cmTC_25ad5.dir/flags.make' has modification time 0.95 s in the future
Building C object CMakeFiles/cmTC_25ad5.dir/testCCompiler.c.o
/usr/bin/cc    -o CMakeFiles/cmTC_25ad5.dir/testCCompiler.c.o   -c /mnt/d/hse_work/hse_csa/CSA_Multithreading_Hotel/cmake-build-debug/CMakeFiles/CMakeTmp/testCCompiler.c
Linking C executable cmTC_25ad5
/usr/bin/cmake -E cmake_link_script CMakeFiles/cmTC_25ad5.dir/link.txt --verbose=1
/usr/bin/cc      CMakeFiles/cmTC_25ad5.dir/testCCompiler.c.o  -o cmTC_25ad5 
make[1]: warning:  Clock skew detected.  Your build may be incomplete.
make[1]: Leaving directory '/mnt/d/hse_work/hse_csa/CSA_Multithreading_Hotel/cmake-build-debug/CMakeFiles/CMakeTmp'
make: warning:  Clock skew detected.  Your build may be incomplete.



Determining if the CXX compiler works passed with the following output:
Change Dir: /mnt/d/hse_work/hse_csa/CSA_Multithreading_Hotel/cmake-build-debug/CMakeFiles/CMakeTmp

Run Build Command(s):/usr/bin/make cmTC_e6081/fast && make: Warning: File 'Makefile' has modification time 0.29 s in the future
/usr/bin/make -f CMakeFiles/cmTC_e6081.dir/build.make CMakeFiles/cmTC_e6081.dir/build
make[1]: Entering directory '/mnt/d/hse_work/hse_csa/CSA_Multithreading_Hotel/cmake-build-debug/CMakeFiles/CMakeTmp'
make[1]: Warning: File 'CMakeFiles/cmTC_e6081.dir/flags.make' has modification time 0.23 s in the future
Building CXX object CMakeFiles/cmTC_e6081.dir/testCXXCompiler.cxx.o
/usr/bin/c++     -o CMakeFiles/cmTC_e6081.dir/testCXXCompiler.cxx.o -c /mnt/d/hse_work/hse_csa/CSA_Multithreading_Hotel/cmake-build-debug/CMakeFiles/CMakeTmp/testCXXCompiler.cxx
Linking CXX executable cmTC_e6081
/usr/bin/cmake -E cmake_link_script CMakeFiles/cmTC_e6081.dir/link.txt --verbose=1
/usr/bin/c++       CMakeFiles/cmTC_e6081.dir/testCXXCompiler.cxx.o  -o cmTC_e6081 
make[1]: warning:  Clock skew detected.  Your build may be incomplete.
make[1]: Leaving directory '/mnt/d/hse_work/hse_csa/CSA_Multithreading_Hotel/cmake-build-debug/CMakeFiles/CMakeTmp'
make: warning:  Clock skew detected.  Your build may be incomplete.



Determining if the include file pthread.h exists passed with the following output:
Change Dir: /mnt/d/hse_work/hse_csa/CSA_Multithreading_Hotel/cmake-build-debug/CMakeFiles/CMakeTmp

Run Build Command(s):/usr/bin/make cmTC_e128f/fast && /usr/bin/make -f CMakeFiles/cmTC_e128f.dir/build.make CMakeFiles/cmTC_e128f.dir/build
make[1]: Entering directory '/mnt/d/hse_work/hse_csa/CSA_Multithreading_Hotel/cmake-build-debug/CMakeFiles/CMakeTmp'
make[1]: Warning: File 'CMakeFiles/cmTC_e128f.dir/progress.make' has modification time 1.4 s in the future
Building C object CMakeFiles/cmTC_e128f.dir/CheckIncludeFile.c.o
/usr/bin/cc    -o CMakeFiles/cmTC_e128f.dir/CheckIncludeFile.c.o   -c /mnt/d/hse_work/hse_csa/CSA_Multithreading_Hotel/cmake-build-debug/CMakeFiles/CMakeTmp/CheckIncludeFile.c
Linking C executable cmTC_e128f
/usr/bin/cmake -E cmake_link_script CMakeFiles/cmTC_e128f.dir/link.txt --verbose=1
/usr/bin/cc      CMakeFiles/cmTC_e128f.dir/CheckIncludeFile.c.o  -o cmTC_e128f 
make[1]: warning:  Clock skew detected.  Your build may be incomplete.
make[1]: Leaving directory '/mnt/d/hse_work/hse_csa/CSA_Multithreading_Hotel/cmake-build-debug/CMakeFiles/CMakeTmp'



Determining if the function pthread_create exists in the pthread passed with the following output:
Change Dir: /mnt/d/hse_work/hse_csa/CSA_Multithreading_Hotel/cmake-build-debug/CMakeFiles/CMakeTmp

Run Build Command(s):/usr/bin/make cmTC_59a62/fast && make: Warning: File 'Makefile' has modification time 0.06 s in the future
/usr/bin/make -f CMakeFiles/cmTC_59a62.dir/build.make CMakeFiles/cmTC_59a62.dir/build
make[1]: Entering directory '/mnt/d/hse_work/hse_csa/CSA_Multithreading_Hotel/cmake-build-debug/CMakeFiles/CMakeTmp'
make[1]: Warning: File 'CMakeFiles/cmTC_59a62.dir/flags.make' has modification time 0.013 s in the future
Building C object CMakeFiles/cmTC_59a62.dir/CheckFunctionExists.c.o
/usr/bin/cc   -DCHECK_FUNCTION_EXISTS=pthread_create   -o CMakeFiles/cmTC_59a62.dir/CheckFunctionExists.c.o   -c /usr/share/cmake-3.16/Modules/CheckFunctionExists.c
Linking C executable cmTC_59a62
/usr/bin/cmake -E cmake_link_script CMakeFiles/cmTC_59a62.dir/link.txt --verbose=1
/usr/bin/cc  -DCHECK_FUNCTION_EXISTS=pthread_create    CMakeFiles/cmTC_59a62.dir/CheckFunctionExists.c.o  -o cmTC_59a62  -lpthread 
make[1]: warning:  Clock skew detected.  Your build may be incomplete.
make[1]: Leaving directory '/mnt/d/hse_work/hse_csa/CSA_Multithreading_Hotel/cmake-build-debug/CMakeFiles/CMakeTmp'
make: warning:  Clock skew detected.  Your build may be incomplete.



